<?xml version="1.0" encoding="UTF-8"?>
<testsuite xmlns:xsi="http://www.w3.org/2001/XMLSchema-instance" xsi:noNamespaceSchemaLocation="https://maven.apache.org/surefire/maven-surefire-plugin/xsd/surefire-test-report.xsd" name="com.example.ypt.YptApplicationTests" time="5.025" tests="1" errors="0" skipped="0" failures="0">
  <properties>
    <property name="sun.desktop" value="windows"/>
    <property name="awt.toolkit" value="sun.awt.windows.WToolkit"/>
    <property name="file.encoding.pkg" value="sun.io"/>
    <property name="java.specification.version" value="1.8"/>
    <property name="sun.cpu.isalist" value="amd64"/>
    <property name="sun.jnu.encoding" value="GBK"/>
    <property name="java.class.path" value="D:\IDEAWORKSPACE\ypt\target\test-classes;D:\IDEAWORKSPACE\ypt\target\classes;D:\repository\org\springframework\boot\spring-boot-starter-data-elasticsearch\2.1.0.RELEASE\spring-boot-starter-data-elasticsearch-2.1.0.RELEASE.jar;D:\repository\org\springframework\boot\spring-boot-starter\2.1.0.RELEASE\spring-boot-starter-2.1.0.RELEASE.jar;D:\repository\org\springframework\boot\spring-boot\2.1.0.RELEASE\spring-boot-2.1.0.RELEASE.jar;D:\repository\org\springframework\boot\spring-boot-autoconfigure\2.1.0.RELEASE\spring-boot-autoconfigure-2.1.0.RELEASE.jar;D:\repository\org\springframework\boot\spring-boot-starter-logging\2.1.0.RELEASE\spring-boot-starter-logging-2.1.0.RELEASE.jar;D:\repository\ch\qos\logback\logback-classic\1.2.3\logback-classic-1.2.3.jar;D:\repository\ch\qos\logback\logback-core\1.2.3\logback-core-1.2.3.jar;D:\repository\org\apache\logging\log4j\log4j-to-slf4j\2.11.1\log4j-to-slf4j-2.11.1.jar;D:\repository\org\apache\logging\log4j\log4j-api\2.11.1\log4j-api-2.11.1.jar;D:\repository\org\slf4j\jul-to-slf4j\1.7.25\jul-to-slf4j-1.7.25.jar;D:\repository\javax\annotation\javax.annotation-api\1.3.2\javax.annotation-api-1.3.2.jar;D:\repository\org\yaml\snakeyaml\1.23\snakeyaml-1.23.jar;D:\repository\org\springframework\data\spring-data-elasticsearch\3.1.2.RELEASE\spring-data-elasticsearch-3.1.2.RELEASE.jar;D:\repository\org\springframework\spring-context\5.1.2.RELEASE\spring-context-5.1.2.RELEASE.jar;D:\repository\org\springframework\spring-tx\5.1.2.RELEASE\spring-tx-5.1.2.RELEASE.jar;D:\repository\org\springframework\data\spring-data-commons\2.1.2.RELEASE\spring-data-commons-2.1.2.RELEASE.jar;D:\repository\joda-time\joda-time\2.10.1\joda-time-2.10.1.jar;D:\repository\org\elasticsearch\client\transport\6.4.2\transport-6.4.2.jar;D:\repository\org\elasticsearch\elasticsearch\6.4.2\elasticsearch-6.4.2.jar;D:\repository\org\elasticsearch\elasticsearch-core\6.4.2\elasticsearch-core-6.4.2.jar;D:\repository\org\elasticsearch\elasticsearch-secure-sm\6.4.2\elasticsearch-secure-sm-6.4.2.jar;D:\repository\org\elasticsearch\elasticsearch-x-content\6.4.2\elasticsearch-x-content-6.4.2.jar;D:\repository\com\fasterxml\jackson\dataformat\jackson-dataformat-smile\2.9.7\jackson-dataformat-smile-2.9.7.jar;D:\repository\com\fasterxml\jackson\dataformat\jackson-dataformat-yaml\2.9.7\jackson-dataformat-yaml-2.9.7.jar;D:\repository\com\fasterxml\jackson\dataformat\jackson-dataformat-cbor\2.9.7\jackson-dataformat-cbor-2.9.7.jar;D:\repository\org\apache\lucene\lucene-core\7.4.0\lucene-core-7.4.0.jar;D:\repository\org\apache\lucene\lucene-analyzers-common\7.4.0\lucene-analyzers-common-7.4.0.jar;D:\repository\org\apache\lucene\lucene-backward-codecs\7.4.0\lucene-backward-codecs-7.4.0.jar;D:\repository\org\apache\lucene\lucene-grouping\7.4.0\lucene-grouping-7.4.0.jar;D:\repository\org\apache\lucene\lucene-highlighter\7.4.0\lucene-highlighter-7.4.0.jar;D:\repository\org\apache\lucene\lucene-join\7.4.0\lucene-join-7.4.0.jar;D:\repository\org\apache\lucene\lucene-memory\7.4.0\lucene-memory-7.4.0.jar;D:\repository\org\apache\lucene\lucene-misc\7.4.0\lucene-misc-7.4.0.jar;D:\repository\org\apache\lucene\lucene-queries\7.4.0\lucene-queries-7.4.0.jar;D:\repository\org\apache\lucene\lucene-queryparser\7.4.0\lucene-queryparser-7.4.0.jar;D:\repository\org\apache\lucene\lucene-sandbox\7.4.0\lucene-sandbox-7.4.0.jar;D:\repository\org\apache\lucene\lucene-spatial\7.4.0\lucene-spatial-7.4.0.jar;D:\repository\org\apache\lucene\lucene-spatial-extras\7.4.0\lucene-spatial-extras-7.4.0.jar;D:\repository\org\apache\lucene\lucene-spatial3d\7.4.0\lucene-spatial3d-7.4.0.jar;D:\repository\org\apache\lucene\lucene-suggest\7.4.0\lucene-suggest-7.4.0.jar;D:\repository\org\elasticsearch\elasticsearch-cli\6.4.2\elasticsearch-cli-6.4.2.jar;D:\repository\net\sf\jopt-simple\jopt-simple\5.0.2\jopt-simple-5.0.2.jar;D:\repository\com\carrotsearch\hppc\0.7.1\hppc-0.7.1.jar;D:\repository\com\tdunning\t-digest\3.2\t-digest-3.2.jar;D:\repository\org\hdrhistogram\HdrHistogram\2.1.9\HdrHistogram-2.1.9.jar;D:\repository\org\elasticsearch\jna\4.5.1\jna-4.5.1.jar;D:\repository\org\elasticsearch\plugin\reindex-client\6.4.2\reindex-client-6.4.2.jar;D:\repository\org\elasticsearch\client\elasticsearch-rest-client\6.4.2\elasticsearch-rest-client-6.4.2.jar;D:\repository\org\apache\httpcomponents\httpclient\4.5.6\httpclient-4.5.6.jar;D:\repository\org\apache\httpcomponents\httpcore\4.4.10\httpcore-4.4.10.jar;D:\repository\org\apache\httpcomponents\httpasyncclient\4.1.4\httpasyncclient-4.1.4.jar;D:\repository\org\apache\httpcomponents\httpcore-nio\4.4.10\httpcore-nio-4.4.10.jar;D:\repository\commons-codec\commons-codec\1.11\commons-codec-1.11.jar;D:\repository\org\elasticsearch\plugin\lang-mustache-client\6.4.2\lang-mustache-client-6.4.2.jar;D:\repository\com\github\spullara\mustache\java\compiler\0.9.3\compiler-0.9.3.jar;D:\repository\org\elasticsearch\plugin\percolator-client\6.4.2\percolator-client-6.4.2.jar;D:\repository\org\elasticsearch\plugin\parent-join-client\6.4.2\parent-join-client-6.4.2.jar;D:\repository\org\elasticsearch\plugin\rank-eval-client\6.4.2\rank-eval-client-6.4.2.jar;D:\repository\com\fasterxml\jackson\core\jackson-core\2.9.7\jackson-core-2.9.7.jar;D:\repository\com\fasterxml\jackson\core\jackson-databind\2.9.7\jackson-databind-2.9.7.jar;D:\repository\com\fasterxml\jackson\core\jackson-annotations\2.9.0\jackson-annotations-2.9.0.jar;D:\repository\org\elasticsearch\plugin\transport-netty4-client\6.4.2\transport-netty4-client-6.4.2.jar;D:\repository\io\netty\netty-buffer\4.1.29.Final\netty-buffer-4.1.29.Final.jar;D:\repository\io\netty\netty-codec\4.1.29.Final\netty-codec-4.1.29.Final.jar;D:\repository\io\netty\netty-codec-http\4.1.29.Final\netty-codec-http-4.1.29.Final.jar;D:\repository\io\netty\netty-common\4.1.29.Final\netty-common-4.1.29.Final.jar;D:\repository\io\netty\netty-handler\4.1.29.Final\netty-handler-4.1.29.Final.jar;D:\repository\io\netty\netty-resolver\4.1.29.Final\netty-resolver-4.1.29.Final.jar;D:\repository\io\netty\netty-transport\4.1.29.Final\netty-transport-4.1.29.Final.jar;D:\repository\org\slf4j\slf4j-api\1.7.25\slf4j-api-1.7.25.jar;D:\repository\org\springframework\boot\spring-boot-starter-web\2.1.0.RELEASE\spring-boot-starter-web-2.1.0.RELEASE.jar;D:\repository\org\springframework\boot\spring-boot-starter-json\2.1.0.RELEASE\spring-boot-starter-json-2.1.0.RELEASE.jar;D:\repository\com\fasterxml\jackson\datatype\jackson-datatype-jdk8\2.9.7\jackson-datatype-jdk8-2.9.7.jar;D:\repository\com\fasterxml\jackson\datatype\jackson-datatype-jsr310\2.9.7\jackson-datatype-jsr310-2.9.7.jar;D:\repository\com\fasterxml\jackson\module\jackson-module-parameter-names\2.9.7\jackson-module-parameter-names-2.9.7.jar;D:\repository\org\springframework\boot\spring-boot-starter-tomcat\2.1.0.RELEASE\spring-boot-starter-tomcat-2.1.0.RELEASE.jar;D:\repository\org\apache\tomcat\embed\tomcat-embed-core\9.0.12\tomcat-embed-core-9.0.12.jar;D:\repository\org\apache\tomcat\embed\tomcat-embed-el\9.0.12\tomcat-embed-el-9.0.12.jar;D:\repository\org\apache\tomcat\embed\tomcat-embed-websocket\9.0.12\tomcat-embed-websocket-9.0.12.jar;D:\repository\org\hibernate\validator\hibernate-validator\6.0.13.Final\hibernate-validator-6.0.13.Final.jar;D:\repository\javax\validation\validation-api\2.0.1.Final\validation-api-2.0.1.Final.jar;D:\repository\org\jboss\logging\jboss-logging\3.3.2.Final\jboss-logging-3.3.2.Final.jar;D:\repository\com\fasterxml\classmate\1.4.0\classmate-1.4.0.jar;D:\repository\org\springframework\spring-web\5.1.2.RELEASE\spring-web-5.1.2.RELEASE.jar;D:\repository\org\springframework\spring-beans\5.1.2.RELEASE\spring-beans-5.1.2.RELEASE.jar;D:\repository\org\springframework\spring-webmvc\5.1.2.RELEASE\spring-webmvc-5.1.2.RELEASE.jar;D:\repository\org\springframework\spring-aop\5.1.2.RELEASE\spring-aop-5.1.2.RELEASE.jar;D:\repository\org\springframework\spring-expression\5.1.2.RELEASE\spring-expression-5.1.2.RELEASE.jar;D:\repository\org\springframework\boot\spring-boot-starter-test\2.1.0.RELEASE\spring-boot-starter-test-2.1.0.RELEASE.jar;D:\repository\org\springframework\boot\spring-boot-test\2.1.0.RELEASE\spring-boot-test-2.1.0.RELEASE.jar;D:\repository\org\springframework\boot\spring-boot-test-autoconfigure\2.1.0.RELEASE\spring-boot-test-autoconfigure-2.1.0.RELEASE.jar;D:\repository\com\jayway\jsonpath\json-path\2.4.0\json-path-2.4.0.jar;D:\repository\net\minidev\json-smart\2.3\json-smart-2.3.jar;D:\repository\net\minidev\accessors-smart\1.2\accessors-smart-1.2.jar;D:\repository\org\ow2\asm\asm\5.0.4\asm-5.0.4.jar;D:\repository\junit\junit\4.12\junit-4.12.jar;D:\repository\org\assertj\assertj-core\3.11.1\assertj-core-3.11.1.jar;D:\repository\org\mockito\mockito-core\2.23.0\mockito-core-2.23.0.jar;D:\repository\net\bytebuddy\byte-buddy\1.9.3\byte-buddy-1.9.3.jar;D:\repository\net\bytebuddy\byte-buddy-agent\1.9.3\byte-buddy-agent-1.9.3.jar;D:\repository\org\objenesis\objenesis\2.6\objenesis-2.6.jar;D:\repository\org\hamcrest\hamcrest-core\1.3\hamcrest-core-1.3.jar;D:\repository\org\hamcrest\hamcrest-library\1.3\hamcrest-library-1.3.jar;D:\repository\org\skyscreamer\jsonassert\1.5.0\jsonassert-1.5.0.jar;D:\repository\com\vaadin\external\google\android-json\0.0.20131108.vaadin1\android-json-0.0.20131108.vaadin1.jar;D:\repository\org\springframework\spring-core\5.1.2.RELEASE\spring-core-5.1.2.RELEASE.jar;D:\repository\org\springframework\spring-jcl\5.1.2.RELEASE\spring-jcl-5.1.2.RELEASE.jar;D:\repository\org\springframework\spring-test\5.1.2.RELEASE\spring-test-5.1.2.RELEASE.jar;D:\repository\org\xmlunit\xmlunit-core\2.6.2\xmlunit-core-2.6.2.jar;D:\repository\net\java\dev\jna\jna\3.0.9\jna-3.0.9.jar;D:\repository\com\google\guava\guava\16.0.1\guava-16.0.1.jar;D:\repository\org\projectlombok\lombok\1.18.4\lombok-1.18.4.jar;D:\repository\com\alipay\sdk\alipay-sdk-java\3.4.27.ALL\alipay-sdk-java-3.4.27.ALL.jar;D:\repository\commons-logging\commons-logging\1.1.1\commons-logging-1.1.1.jar;D:\IDEAWORKSPACE\ypt\src\main\resources\lib\taobao-sdk-java-auto_1468685308771-20181208.jar;"/>
    <property name="java.vm.vendor" value="Oracle Corporation"/>
    <property name="sun.arch.data.model" value="64"/>
    <property name="user.variant" value=""/>
    <property name="java.vendor.url" value="http://java.oracle.com/"/>
    <property name="user.timezone" value="Asia/Shanghai"/>
    <property name="java.vm.specification.version" value="1.8"/>
    <property name="os.name" value="Windows 10"/>
    <property name="user.country" value="CN"/>
    <property name="sun.java.launcher" value="SUN_STANDARD"/>
    <property name="sun.boot.library.path" value="D:\jdk1.8.0_74\jre\bin"/>
    <property name="sun.java.command" value="C:\Users\wangwch\AppData\Local\Temp\surefire8566475565641891308\surefirebooter6131777181757528162.jar C:\Users\wangwch\AppData\Local\Temp\surefire8566475565641891308 2018-12-09T10-46-58_869-jvmRun1 surefire2166224583465341166tmp surefire_06585391981483509262tmp"/>
    <property name="surefire.test.class.path" value="D:\IDEAWORKSPACE\ypt\target\test-classes;D:\IDEAWORKSPACE\ypt\target\classes;D:\repository\org\springframework\boot\spring-boot-starter-data-elasticsearch\2.1.0.RELEASE\spring-boot-starter-data-elasticsearch-2.1.0.RELEASE.jar;D:\repository\org\springframework\boot\spring-boot-starter\2.1.0.RELEASE\spring-boot-starter-2.1.0.RELEASE.jar;D:\repository\org\springframework\boot\spring-boot\2.1.0.RELEASE\spring-boot-2.1.0.RELEASE.jar;D:\repository\org\springframework\boot\spring-boot-autoconfigure\2.1.0.RELEASE\spring-boot-autoconfigure-2.1.0.RELEASE.jar;D:\repository\org\springframework\boot\spring-boot-starter-logging\2.1.0.RELEASE\spring-boot-starter-logging-2.1.0.RELEASE.jar;D:\repository\ch\qos\logback\logback-classic\1.2.3\logback-classic-1.2.3.jar;D:\repository\ch\qos\logback\logback-core\1.2.3\logback-core-1.2.3.jar;D:\repository\org\apache\logging\log4j\log4j-to-slf4j\2.11.1\log4j-to-slf4j-2.11.1.jar;D:\repository\org\apache\logging\log4j\log4j-api\2.11.1\log4j-api-2.11.1.jar;D:\repository\org\slf4j\jul-to-slf4j\1.7.25\jul-to-slf4j-1.7.25.jar;D:\repository\javax\annotation\javax.annotation-api\1.3.2\javax.annotation-api-1.3.2.jar;D:\repository\org\yaml\snakeyaml\1.23\snakeyaml-1.23.jar;D:\repository\org\springframework\data\spring-data-elasticsearch\3.1.2.RELEASE\spring-data-elasticsearch-3.1.2.RELEASE.jar;D:\repository\org\springframework\spring-context\5.1.2.RELEASE\spring-context-5.1.2.RELEASE.jar;D:\repository\org\springframework\spring-tx\5.1.2.RELEASE\spring-tx-5.1.2.RELEASE.jar;D:\repository\org\springframework\data\spring-data-commons\2.1.2.RELEASE\spring-data-commons-2.1.2.RELEASE.jar;D:\repository\joda-time\joda-time\2.10.1\joda-time-2.10.1.jar;D:\repository\org\elasticsearch\client\transport\6.4.2\transport-6.4.2.jar;D:\repository\org\elasticsearch\elasticsearch\6.4.2\elasticsearch-6.4.2.jar;D:\repository\org\elasticsearch\elasticsearch-core\6.4.2\elasticsearch-core-6.4.2.jar;D:\repository\org\elasticsearch\elasticsearch-secure-sm\6.4.2\elasticsearch-secure-sm-6.4.2.jar;D:\repository\org\elasticsearch\elasticsearch-x-content\6.4.2\elasticsearch-x-content-6.4.2.jar;D:\repository\com\fasterxml\jackson\dataformat\jackson-dataformat-smile\2.9.7\jackson-dataformat-smile-2.9.7.jar;D:\repository\com\fasterxml\jackson\dataformat\jackson-dataformat-yaml\2.9.7\jackson-dataformat-yaml-2.9.7.jar;D:\repository\com\fasterxml\jackson\dataformat\jackson-dataformat-cbor\2.9.7\jackson-dataformat-cbor-2.9.7.jar;D:\repository\org\apache\lucene\lucene-core\7.4.0\lucene-core-7.4.0.jar;D:\repository\org\apache\lucene\lucene-analyzers-common\7.4.0\lucene-analyzers-common-7.4.0.jar;D:\repository\org\apache\lucene\lucene-backward-codecs\7.4.0\lucene-backward-codecs-7.4.0.jar;D:\repository\org\apache\lucene\lucene-grouping\7.4.0\lucene-grouping-7.4.0.jar;D:\repository\org\apache\lucene\lucene-highlighter\7.4.0\lucene-highlighter-7.4.0.jar;D:\repository\org\apache\lucene\lucene-join\7.4.0\lucene-join-7.4.0.jar;D:\repository\org\apache\lucene\lucene-memory\7.4.0\lucene-memory-7.4.0.jar;D:\repository\org\apache\lucene\lucene-misc\7.4.0\lucene-misc-7.4.0.jar;D:\repository\org\apache\lucene\lucene-queries\7.4.0\lucene-queries-7.4.0.jar;D:\repository\org\apache\lucene\lucene-queryparser\7.4.0\lucene-queryparser-7.4.0.jar;D:\repository\org\apache\lucene\lucene-sandbox\7.4.0\lucene-sandbox-7.4.0.jar;D:\repository\org\apache\lucene\lucene-spatial\7.4.0\lucene-spatial-7.4.0.jar;D:\repository\org\apache\lucene\lucene-spatial-extras\7.4.0\lucene-spatial-extras-7.4.0.jar;D:\repository\org\apache\lucene\lucene-spatial3d\7.4.0\lucene-spatial3d-7.4.0.jar;D:\repository\org\apache\lucene\lucene-suggest\7.4.0\lucene-suggest-7.4.0.jar;D:\repository\org\elasticsearch\elasticsearch-cli\6.4.2\elasticsearch-cli-6.4.2.jar;D:\repository\net\sf\jopt-simple\jopt-simple\5.0.2\jopt-simple-5.0.2.jar;D:\repository\com\carrotsearch\hppc\0.7.1\hppc-0.7.1.jar;D:\repository\com\tdunning\t-digest\3.2\t-digest-3.2.jar;D:\repository\org\hdrhistogram\HdrHistogram\2.1.9\HdrHistogram-2.1.9.jar;D:\repository\org\elasticsearch\jna\4.5.1\jna-4.5.1.jar;D:\repository\org\elasticsearch\plugin\reindex-client\6.4.2\reindex-client-6.4.2.jar;D:\repository\org\elasticsearch\client\elasticsearch-rest-client\6.4.2\elasticsearch-rest-client-6.4.2.jar;D:\repository\org\apache\httpcomponents\httpclient\4.5.6\httpclient-4.5.6.jar;D:\repository\org\apache\httpcomponents\httpcore\4.4.10\httpcore-4.4.10.jar;D:\repository\org\apache\httpcomponents\httpasyncclient\4.1.4\httpasyncclient-4.1.4.jar;D:\repository\org\apache\httpcomponents\httpcore-nio\4.4.10\httpcore-nio-4.4.10.jar;D:\repository\commons-codec\commons-codec\1.11\commons-codec-1.11.jar;D:\repository\org\elasticsearch\plugin\lang-mustache-client\6.4.2\lang-mustache-client-6.4.2.jar;D:\repository\com\github\spullara\mustache\java\compiler\0.9.3\compiler-0.9.3.jar;D:\repository\org\elasticsearch\plugin\percolator-client\6.4.2\percolator-client-6.4.2.jar;D:\repository\org\elasticsearch\plugin\parent-join-client\6.4.2\parent-join-client-6.4.2.jar;D:\repository\org\elasticsearch\plugin\rank-eval-client\6.4.2\rank-eval-client-6.4.2.jar;D:\repository\com\fasterxml\jackson\core\jackson-core\2.9.7\jackson-core-2.9.7.jar;D:\repository\com\fasterxml\jackson\core\jackson-databind\2.9.7\jackson-databind-2.9.7.jar;D:\repository\com\fasterxml\jackson\core\jackson-annotations\2.9.0\jackson-annotations-2.9.0.jar;D:\repository\org\elasticsearch\plugin\transport-netty4-client\6.4.2\transport-netty4-client-6.4.2.jar;D:\repository\io\netty\netty-buffer\4.1.29.Final\netty-buffer-4.1.29.Final.jar;D:\repository\io\netty\netty-codec\4.1.29.Final\netty-codec-4.1.29.Final.jar;D:\repository\io\netty\netty-codec-http\4.1.29.Final\netty-codec-http-4.1.29.Final.jar;D:\repository\io\netty\netty-common\4.1.29.Final\netty-common-4.1.29.Final.jar;D:\repository\io\netty\netty-handler\4.1.29.Final\netty-handler-4.1.29.Final.jar;D:\repository\io\netty\netty-resolver\4.1.29.Final\netty-resolver-4.1.29.Final.jar;D:\repository\io\netty\netty-transport\4.1.29.Final\netty-transport-4.1.29.Final.jar;D:\repository\org\slf4j\slf4j-api\1.7.25\slf4j-api-1.7.25.jar;D:\repository\org\springframework\boot\spring-boot-starter-web\2.1.0.RELEASE\spring-boot-starter-web-2.1.0.RELEASE.jar;D:\repository\org\springframework\boot\spring-boot-starter-json\2.1.0.RELEASE\spring-boot-starter-json-2.1.0.RELEASE.jar;D:\repository\com\fasterxml\jackson\datatype\jackson-datatype-jdk8\2.9.7\jackson-datatype-jdk8-2.9.7.jar;D:\repository\com\fasterxml\jackson\datatype\jackson-datatype-jsr310\2.9.7\jackson-datatype-jsr310-2.9.7.jar;D:\repository\com\fasterxml\jackson\module\jackson-module-parameter-names\2.9.7\jackson-module-parameter-names-2.9.7.jar;D:\repository\org\springframework\boot\spring-boot-starter-tomcat\2.1.0.RELEASE\spring-boot-starter-tomcat-2.1.0.RELEASE.jar;D:\repository\org\apache\tomcat\embed\tomcat-embed-core\9.0.12\tomcat-embed-core-9.0.12.jar;D:\repository\org\apache\tomcat\embed\tomcat-embed-el\9.0.12\tomcat-embed-el-9.0.12.jar;D:\repository\org\apache\tomcat\embed\tomcat-embed-websocket\9.0.12\tomcat-embed-websocket-9.0.12.jar;D:\repository\org\hibernate\validator\hibernate-validator\6.0.13.Final\hibernate-validator-6.0.13.Final.jar;D:\repository\javax\validation\validation-api\2.0.1.Final\validation-api-2.0.1.Final.jar;D:\repository\org\jboss\logging\jboss-logging\3.3.2.Final\jboss-logging-3.3.2.Final.jar;D:\repository\com\fasterxml\classmate\1.4.0\classmate-1.4.0.jar;D:\repository\org\springframework\spring-web\5.1.2.RELEASE\spring-web-5.1.2.RELEASE.jar;D:\repository\org\springframework\spring-beans\5.1.2.RELEASE\spring-beans-5.1.2.RELEASE.jar;D:\repository\org\springframework\spring-webmvc\5.1.2.RELEASE\spring-webmvc-5.1.2.RELEASE.jar;D:\repository\org\springframework\spring-aop\5.1.2.RELEASE\spring-aop-5.1.2.RELEASE.jar;D:\repository\org\springframework\spring-expression\5.1.2.RELEASE\spring-expression-5.1.2.RELEASE.jar;D:\repository\org\springframework\boot\spring-boot-starter-test\2.1.0.RELEASE\spring-boot-starter-test-2.1.0.RELEASE.jar;D:\repository\org\springframework\boot\spring-boot-test\2.1.0.RELEASE\spring-boot-test-2.1.0.RELEASE.jar;D:\repository\org\springframework\boot\spring-boot-test-autoconfigure\2.1.0.RELEASE\spring-boot-test-autoconfigure-2.1.0.RELEASE.jar;D:\repository\com\jayway\jsonpath\json-path\2.4.0\json-path-2.4.0.jar;D:\repository\net\minidev\json-smart\2.3\json-smart-2.3.jar;D:\repository\net\minidev\accessors-smart\1.2\accessors-smart-1.2.jar;D:\repository\org\ow2\asm\asm\5.0.4\asm-5.0.4.jar;D:\repository\junit\junit\4.12\junit-4.12.jar;D:\repository\org\assertj\assertj-core\3.11.1\assertj-core-3.11.1.jar;D:\repository\org\mockito\mockito-core\2.23.0\mockito-core-2.23.0.jar;D:\repository\net\bytebuddy\byte-buddy\1.9.3\byte-buddy-1.9.3.jar;D:\repository\net\bytebuddy\byte-buddy-agent\1.9.3\byte-buddy-agent-1.9.3.jar;D:\repository\org\objenesis\objenesis\2.6\objenesis-2.6.jar;D:\repository\org\hamcrest\hamcrest-core\1.3\hamcrest-core-1.3.jar;D:\repository\org\hamcrest\hamcrest-library\1.3\hamcrest-library-1.3.jar;D:\repository\org\skyscreamer\jsonassert\1.5.0\jsonassert-1.5.0.jar;D:\repository\com\vaadin\external\google\android-json\0.0.20131108.vaadin1\android-json-0.0.20131108.vaadin1.jar;D:\repository\org\springframework\spring-core\5.1.2.RELEASE\spring-core-5.1.2.RELEASE.jar;D:\repository\org\springframework\spring-jcl\5.1.2.RELEASE\spring-jcl-5.1.2.RELEASE.jar;D:\repository\org\springframework\spring-test\5.1.2.RELEASE\spring-test-5.1.2.RELEASE.jar;D:\repository\org\xmlunit\xmlunit-core\2.6.2\xmlunit-core-2.6.2.jar;D:\repository\net\java\dev\jna\jna\3.0.9\jna-3.0.9.jar;D:\repository\com\google\guava\guava\16.0.1\guava-16.0.1.jar;D:\repository\org\projectlombok\lombok\1.18.4\lombok-1.18.4.jar;D:\repository\com\alipay\sdk\alipay-sdk-java\3.4.27.ALL\alipay-sdk-java-3.4.27.ALL.jar;D:\repository\commons-logging\commons-logging\1.1.1\commons-logging-1.1.1.jar;D:\IDEAWORKSPACE\ypt\src\main\resources\lib\taobao-sdk-java-auto_1468685308771-20181208.jar;"/>
    <property name="sun.cpu.endian" value="little"/>
    <property name="user.home" value="C:\Users\wangwch"/>
    <property name="user.language" value="zh"/>
    <property name="java.specification.vendor" value="Oracle Corporation"/>
    <property name="java.home" value="D:\jdk1.8.0_74\jre"/>
    <property name="basedir" value="D:\IDEAWORKSPACE\ypt"/>
    <property name="file.separator" value="\"/>
    <property name="line.separator" value="&#10;"/>
    <property name="java.vm.specification.vendor" value="Oracle Corporation"/>
    <property name="java.specification.name" value="Java Platform API Specification"/>
    <property name="java.awt.graphicsenv" value="sun.awt.Win32GraphicsEnvironment"/>
    <property name="surefire.real.class.path" value="C:\Users\wangwch\AppData\Local\Temp\surefire8566475565641891308\surefirebooter6131777181757528162.jar"/>
    <property name="sun.boot.class.path" value="D:\jdk1.8.0_74\jre\lib\resources.jar;D:\jdk1.8.0_74\jre\lib\rt.jar;D:\jdk1.8.0_74\jre\lib\sunrsasign.jar;D:\jdk1.8.0_74\jre\lib\jsse.jar;D:\jdk1.8.0_74\jre\lib\jce.jar;D:\jdk1.8.0_74\jre\lib\charsets.jar;D:\jdk1.8.0_74\jre\lib\jfr.jar;D:\jdk1.8.0_74\jre\classes"/>
    <property name="user.script" value=""/>
    <property name="sun.management.compiler" value="HotSpot 64-Bit Tiered Compilers"/>
    <property name="java.runtime.version" value="1.8.0_74-b02"/>
    <property name="user.name" value="wangwch"/>
    <property name="path.separator" value=";"/>
    <property name="os.version" value="10.0"/>
    <property name="java.endorsed.dirs" value="D:\jdk1.8.0_74\jre\lib\endorsed"/>
    <property name="java.runtime.name" value="Java(TM) SE Runtime Environment"/>
    <property name="file.encoding" value="GBK"/>
    <property name="java.vm.name" value="Java HotSpot(TM) 64-Bit Server VM"/>
    <property name="localRepository" value="D:\repository"/>
    <property name="java.vendor.url.bug" value="http://bugreport.sun.com/bugreport/"/>
    <property name="java.io.tmpdir" value="C:\Users\wangwch\AppData\Local\Temp\"/>
    <property name="idea.version" value="2018.2.5"/>
    <property name="java.version" value="1.8.0_74"/>
    <property name="user.dir" value="D:\IDEAWORKSPACE\ypt"/>
    <property name="os.arch" value="amd64"/>
    <property name="java.vm.specification.name" value="Java Virtual Machine Specification"/>
    <property name="java.awt.printerjob" value="sun.awt.windows.WPrinterJob"/>
    <property name="sun.os.patch.level" value=""/>
    <property name="java.library.path" value="D:\jdk1.8.0_74\jre\bin;C:\WINDOWS\Sun\Java\bin;C:\WINDOWS\system32;C:\WINDOWS;C:\Program Files\Docker\Docker\Resources\bin;D:\oracleData\product\11.1.0\db_1\bin;C:\Program Files (x86)\Intel\iCLS Client\;C:\Program Files\Intel\iCLS Client\;C:\Windows\system32;C:\Windows;C:\Windows\System32\Wbem;C:\Windows\System32\WindowsPowerShell\v1.0\;C:\Program Files (x86)\NVIDIA Corporation\PhysX\Common;C:\Program Files (x86)\Intel\Intel(R) Management Engine Components\DAL;C:\Program Files\Intel\Intel(R) Management Engine Components\DAL;C:\Program Files (x86)\Intel\Intel(R) Management Engine Components\IPT;D:\jdk1.8.0_74\bin;D:\jdk1.8.0_74\jre\bin;D:\gradle-3.5.1\BIN;D:\TortoiseSVN\bin;D:\Git\cmd;F:\nodejs\;F:\nodejs\node_global;F:\Python27;C:\WINDOWS\system32;C:\WINDOWS;C:\WINDOWS\System32\Wbem;C:\WINDOWS\System32\WindowsPowerShell\v1.0\;D:\apache-maven-3.3.9\bin;;C:\WINDOWS\System32\OpenSSH\;C:\Users\wangwch\AppData\Local\Microsoft\WindowsApps;C:\Users\wangwch\AppData\Roaming\npm;;."/>
    <property name="java.vm.info" value="mixed mode"/>
    <property name="java.vendor" value="Oracle Corporation"/>
    <property name="java.vm.version" value="25.74-b02"/>
    <property name="java.ext.dirs" value="D:\jdk1.8.0_74\jre\lib\ext;C:\WINDOWS\Sun\Java\lib\ext"/>
    <property name="sun.io.unicode.encoding" value="UnicodeLittle"/>
    <property name="java.class.version" value="52.0"/>
  </properties>
  <testcase name="contextLoads" classname="com.example.ypt.YptApplicationTests" time="0.22"/>
</testsuite>